<?xml version="1.0" encoding="UTF-8"?>
<!-- Generated by org.testng.reporters.JUnitXMLReporter -->
<testsuite ignored="0" hostname="DESKTOP-T79D26N" failures="0" tests="2" name="ErrorValidation" time="23.281" errors="0" timestamp="2024-08-17T16:13:04 IST">
  <testcase classname="amrutraibagi.Testclasses.ErrorValidations" name="SubmitZARAProduct" time="10.004"/>
  <testcase classname="amrutraibagi.Testclasses.ErrorValidations" name="loginErrorValidation" time="2.759"/>
</testsuite> <!-- ErrorValidation -->
