<?xml version="1.0" encoding="UTF-8"?>
<!-- Generated by org.testng.reporters.JUnitXMLReporter -->
<testsuite ignored="0" hostname="DESKTOP-T79D26N" failures="0" tests="2" name="ErrorValidation" time="25.653" errors="0" timestamp="2024-08-16T14:25:42 IST">
  <testcase classname="amrutraibagi.Testclasses.ErrorValidations" name="SubmitZARAProduct" time="12.577"/>
  <testcase classname="amrutraibagi.Testclasses.ErrorValidations" name="loginErrorValidation" time="1.517"/>
</testsuite> <!-- ErrorValidation -->
