<?xml version="1.0" encoding="UTF-8"?>
<!-- Generated by org.testng.reporters.JUnitXMLReporter -->
<testsuite ignored="2" hostname="DESKTOP-T79D26N" failures="0" tests="0" time="0.026" errors="0" timestamp="2024-08-17T16:12:41 IST">
  <testcase classname="amrutraibagi.Testclasses.SubmitOrderTest" name="verifyOrdersPage" time="0.0">
    <ignored/>
  </testcase> <!-- verifyOrdersPage -->
  <testcase classname="amrutraibagi.Testclasses.SubmitOrderTest" name="SubmitIphoneProduct" time="0.0">
    <ignored/>
  </testcase> <!-- SubmitIphoneProduct -->
</testsuite>
