<?xml version="1.0" encoding="UTF-8"?>
<testng-results ignored="0" total="2" passed="2" failed="0" skipped="0">
  <reporter-output>
  </reporter-output>
  <suite started-at="2024-08-16T18:31:30 IST" name="Default suite" finished-at="2024-08-16T18:31:51 IST" duration-ms="20219">
    <groups>
      <group name="cucumber">
        <method signature="AbstractTestNGCucumberTests.runScenario(io.cucumber.testng.PickleWrapper,io.cucumber.testng.FeatureWrapper)[pri:0, instance:amrutraibagi.CucumberRunnerClasses.CucumberTestNGTestRunner@7d9d0818]" name="runScenario" class="io.cucumber.testng.AbstractTestNGCucumberTests"/>
      </group> <!-- cucumber -->
    </groups>
    <test started-at="2024-08-16T18:31:30 IST" name="Default test" finished-at="2024-08-16T18:31:51 IST" duration-ms="20219">
      <class name="amrutraibagi.CucumberRunnerClasses.CucumberTestNGTestRunner">
        <test-method is-config="true" signature="setUpClass(org.testng.ITestContext)[pri:0, instance:amrutraibagi.CucumberRunnerClasses.CucumberTestNGTestRunner@7d9d0818]" started-at="2024-08-16T18:31:30 IST" name="setUpClass" finished-at="2024-08-16T18:31:31 IST" duration-ms="756" status="PASS">
          <params>
            <param index="0">
              <value>
                <![CDATA[org.testng.TestRunner@51f18e31]]>
              </value>
            </param>
          </params>
          <reporter-output>
          </reporter-output>
        </test-method> <!-- setUpClass -->
        <test-method signature="runScenario(io.cucumber.testng.PickleWrapper,io.cucumber.testng.FeatureWrapper)[pri:0, instance:amrutraibagi.CucumberRunnerClasses.CucumberTestNGTestRunner@7d9d0818]" started-at="2024-08-16T18:31:31 IST" name="runScenario" description="Runs Cucumber Scenarios" data-provider="scenarios" finished-at="2024-08-16T18:31:41 IST" duration-ms="9678" status="PASS">
          <params>
            <param index="0">
              <value>
                <![CDATA["Title of your scenario outline"]]>
              </value>
            </param>
            <param index="1">
              <value>
                <![CDATA["Purchase Order from Ecomerce Website"]]>
              </value>
            </param>
          </params>
          <reporter-output>
          </reporter-output>
        </test-method> <!-- runScenario -->
        <test-method signature="runScenario(io.cucumber.testng.PickleWrapper,io.cucumber.testng.FeatureWrapper)[pri:0, instance:amrutraibagi.CucumberRunnerClasses.CucumberTestNGTestRunner@7d9d0818]" started-at="2024-08-16T18:31:41 IST" name="runScenario" description="Runs Cucumber Scenarios" data-provider="scenarios" finished-at="2024-08-16T18:31:51 IST" duration-ms="9656" status="PASS">
          <params>
            <param index="0">
              <value>
                <![CDATA["Title of your scenario outline"]]>
              </value>
            </param>
            <param index="1">
              <value>
                <![CDATA["Purchase Order from Ecomerce Website"]]>
              </value>
            </param>
          </params>
          <reporter-output>
          </reporter-output>
        </test-method> <!-- runScenario -->
        <test-method is-config="true" signature="tearDownClass()[pri:0, instance:amrutraibagi.CucumberRunnerClasses.CucumberTestNGTestRunner@7d9d0818]" started-at="2024-08-16T18:31:51 IST" name="tearDownClass" finished-at="2024-08-16T18:31:51 IST" duration-ms="39" status="PASS">
          <reporter-output>
          </reporter-output>
        </test-method> <!-- tearDownClass -->
      </class> <!-- amrutraibagi.CucumberRunnerClasses.CucumberTestNGTestRunner -->
    </test> <!-- Default test -->
  </suite> <!-- Default suite -->
</testng-results>
