<?xml version="1.0" encoding="UTF-8"?>
<testng-results ignored="0" total="3" passed="3" failed="0" skipped="0">
  <reporter-output>
  </reporter-output>
  <suite started-at="2024-08-17T20:35:00 IST" name="Default suite" finished-at="2024-08-17T20:35:01 IST" duration-ms="968">
    <groups>
    </groups>
    <test started-at="2024-08-17T20:35:00 IST" name="Default test" finished-at="2024-08-17T20:35:01 IST" duration-ms="968">
      <class name="amrutraibagi.DataDrivenFromExcel.DataProviderIntegrationWithExcel">
        <test-method signature="testCaseData(java.lang.String,java.lang.String,java.lang.String)[pri:0, instance:amrutraibagi.DataDrivenFromExcel.DataProviderIntegrationWithExcel@6ca18a14]" started-at="2024-08-17T20:35:01 IST" name="testCaseData" data-provider="DriveExcel" finished-at="2024-08-17T20:35:01 IST" duration-ms="12" status="PASS">
          <params>
            <param index="0">
              <value>
                <![CDATA[amrut]]>
              </value>
            </param>
            <param index="1">
              <value>
                <![CDATA[raibagi]]>
              </value>
            </param>
            <param index="2">
              <value>
                <![CDATA[amrutraibagi2018@gmail.com]]>
              </value>
            </param>
          </params>
          <reporter-output>
          </reporter-output>
        </test-method> <!-- testCaseData -->
        <test-method signature="testCaseData(java.lang.String,java.lang.String,java.lang.String)[pri:0, instance:amrutraibagi.DataDrivenFromExcel.DataProviderIntegrationWithExcel@6ca18a14]" started-at="2024-08-17T20:35:01 IST" name="testCaseData" data-provider="DriveExcel" finished-at="2024-08-17T20:35:01 IST" duration-ms="2" status="PASS">
          <params>
            <param index="0">
              <value>
                <![CDATA[raibagi]]>
              </value>
            </param>
            <param index="1">
              <value>
                <![CDATA[amrut]]>
              </value>
            </param>
            <param index="2">
              <value>
                <![CDATA[amrutraibagi872@gmail.com]]>
              </value>
            </param>
          </params>
          <reporter-output>
          </reporter-output>
        </test-method> <!-- testCaseData -->
        <test-method signature="testCaseData(java.lang.String,java.lang.String,java.lang.String)[pri:0, instance:amrutraibagi.DataDrivenFromExcel.DataProviderIntegrationWithExcel@6ca18a14]" started-at="2024-08-17T20:35:01 IST" name="testCaseData" data-provider="DriveExcel" finished-at="2024-08-17T20:35:01 IST" duration-ms="2" status="PASS">
          <params>
            <param index="0">
              <value>
                <![CDATA[raj]]>
              </value>
            </param>
            <param index="1">
              <value>
                <![CDATA[pimani]]>
              </value>
            </param>
            <param index="2">
              <value>
                <![CDATA[raju123@gmail.com]]>
              </value>
            </param>
          </params>
          <reporter-output>
          </reporter-output>
        </test-method> <!-- testCaseData -->
      </class> <!-- amrutraibagi.DataDrivenFromExcel.DataProviderIntegrationWithExcel -->
    </test> <!-- Default test -->
  </suite> <!-- Default suite -->
</testng-results>
